11:18:03.522 Gathering metadata for java
11:18:04.406 Plugin java 0.6.9 is already installed.
11:22:26.947 Updating plugin 'html-report'
11:22:26.947 Gathering metadata for html-report
11:22:27.786 Plugin html-report 4.0.5 is already installed.
11:22:27.786 Updating plugin 'java'
11:22:27.786 Gathering metadata for java
11:22:28.031 Plugin java 0.6.9 is already installed.
11:22:28.031 Updating plugin 'screenshot'
11:22:28.031 Gathering metadata for screenshot
11:22:28.250 Plugin screenshot 0.0.1 is already installed.
11:22:28.250 Updating plugin 'spectacle'
11:22:28.250 Gathering metadata for spectacle
11:22:28.541 Plugin spectacle 0.1.3 is already installed.
11:22:28.541 Updating plugin 'xml-report'
11:22:28.541 Gathering metadata for xml-report
11:22:28.943 Plugin xml-report 0.2.0 is already installed.
11:22:28.943 Successfully updated all the plugins.
11:36:12.576 Plugin java is already installed.
11:36:12.587 Plugin html-report is already installed.
11:36:13.688 Checking updates...
11:36:25.030 Api Request Received: messageType:GetStepValueRequest messageId:4 stepValueRequest:<stepText:"<by> popup\304\261 ekranda g\303\266r\303\274l\303\274rse kapat\304\261l\304\261r" > 
11:36:25.034 Sending API response: messageType:GetStepValueResponse messageId:4 stepValueResponse:<stepValue:<stepValue:"{} popup\304\261 ekranda g\303\266r\303\274l\303\274rse kapat\304\261l\304\261r" parameterizedStepValue:"<by> popup\304\261 ekranda g\303\266r\303\274l\303\274rse kapat\304\261l\304\261r" parameters:"by" > > 
11:36:25.451 Api Request Received: messageType:GetStepValueRequest messageId:4 stepValueRequest:<stepText:"Herhangi bir pop up varsa kapat\304\261l\304\261r" > 
11:36:25.452 Sending API response: messageType:GetStepValueResponse messageId:4 stepValueResponse:<stepValue:<stepValue:"Herhangi bir pop up varsa kapat\304\261l\304\261r" parameterizedStepValue:"Herhangi bir pop up varsa kapat\304\261l\304\261r" > > 
11:36:25.455 Api Request Received: messageType:GetStepValueRequest messageId:4 stepValueRequest:<stepText:"<by> alan\304\261na <text> yaz\304\261l\304\261r" > 
11:36:25.456 Sending API response: messageType:GetStepValueResponse messageId:4 stepValueResponse:<stepValue:<stepValue:"{} alan\304\261na {} yaz\304\261l\304\261r" parameterizedStepValue:"<by> alan\304\261na <text> yaz\304\261l\304\261r" parameters:"by" parameters:"text" > > 
11:36:25.459 Api Request Received: messageType:GetStepValueRequest messageId:4 stepValueRequest:<stepText:"<by> butonuna t\304\261klan\304\261r" > 
11:36:25.459 Sending API response: messageType:GetStepValueResponse messageId:4 stepValueResponse:<stepValue:<stepValue:"{} butonuna t\304\261klan\304\261r" parameterizedStepValue:"<by> butonuna t\304\261klan\304\261r" parameters:"by" > > 
11:36:25.460 Api Request Received: messageType:GetStepValueRequest messageId:4 stepValueRequest:<stepText:"<by> alan\304\261 silinir" > 
11:36:25.460 Sending API response: messageType:GetStepValueResponse messageId:4 stepValueResponse:<stepValue:<stepValue:"{} alan\304\261 silinir" parameterizedStepValue:"<by> alan\304\261 silinir" parameters:"by" > > 
11:36:25.461 Api Request Received: messageType:GetStepValueRequest messageId:4 stepValueRequest:<stepText:"<Saniye> Saniyesi kadar bekle" > 
11:36:25.461 Sending API response: messageType:GetStepValueResponse messageId:4 stepValueResponse:<stepValue:<stepValue:"{} Saniyesi kadar bekle" parameterizedStepValue:"<Saniye> Saniyesi kadar bekle" parameters:"Saniye" > > 
11:36:25.462 Api Request Received: messageType:GetStepValueRequest messageId:4 stepValueRequest:<stepText:"Klavyeden ENTER tu\305\237una bas\304\261l\304\261r" > 
11:36:25.462 Sending API response: messageType:GetStepValueResponse messageId:4 stepValueResponse:<stepValue:<stepValue:"Klavyeden ENTER tu\305\237una bas\304\261l\304\261r" parameterizedStepValue:"Klavyeden ENTER tu\305\237una bas\304\261l\304\261r" > > 
11:36:25.462 Api Request Received: messageType:GetStepValueRequest messageId:4 stepValueRequest:<stepText:"Klavyeden TAB tu\305\237una bas\304\261l\304\261r" > 
11:36:25.463 Sending API response: messageType:GetStepValueResponse messageId:4 stepValueResponse:<stepValue:<stepValue:"Klavyeden TAB tu\305\237una bas\304\261l\304\261r" parameterizedStepValue:"Klavyeden TAB tu\305\237una bas\304\261l\304\261r" > > 
11:36:25.463 Api Request Received: messageType:GetStepValueRequest messageId:4 stepValueRequest:<stepText:"<by> elementinin g\303\266r\303\274lmesi beklenir" > 
11:36:25.464 Sending API response: messageType:GetStepValueResponse messageId:4 stepValueResponse:<stepValue:<stepValue:"{} elementinin g\303\266r\303\274lmesi beklenir" parameterizedStepValue:"<by> elementinin g\303\266r\303\274lmesi beklenir" parameters:"by" > > 
11:36:25.466 Api Request Received: messageType:GetStepValueRequest messageId:4 stepValueRequest:<stepText:"<byList> listesinden rastgele bir elemana t\304\261klan\304\261r" > 
11:36:25.466 Sending API response: messageType:GetStepValueResponse messageId:4 stepValueResponse:<stepValue:<stepValue:"{} listesinden rastgele bir elemana t\304\261klan\304\261r" parameterizedStepValue:"<byList> listesinden rastgele bir elemana t\304\261klan\304\261r" parameters:"byList" > > 
11:36:53.918 Plugin [Html Report] with pid [2864] has exited
11:36:54.650 Specifications:	1 executed	0 passed	1 failed	0 skipped
11:36:54.650 Scenarios:	1 executed	0 passed	1 failed	0 skipped
11:36:54.650 
Total time taken: 22.11s
11:47:13.018 Plugin java is already installed.
11:47:13.020 Plugin html-report is already installed.
11:47:13.907 Checking updates...
11:47:22.397 Api Request Received: messageType:GetStepValueRequest messageId:4 stepValueRequest:<stepText:"<by> popup\304\261 ekranda g\303\266r\303\274l\303\274rse kapat\304\261l\304\261r" > 
11:47:22.398 Sending API response: messageType:GetStepValueResponse messageId:4 stepValueResponse:<stepValue:<stepValue:"{} popup\304\261 ekranda g\303\266r\303\274l\303\274rse kapat\304\261l\304\261r" parameterizedStepValue:"<by> popup\304\261 ekranda g\303\266r\303\274l\303\274rse kapat\304\261l\304\261r" parameters:"by" > > 
11:47:22.588 Api Request Received: messageType:GetStepValueRequest messageId:4 stepValueRequest:<stepText:"Herhangi bir pop up varsa kapat\304\261l\304\261r" > 
11:47:22.589 Sending API response: messageType:GetStepValueResponse messageId:4 stepValueResponse:<stepValue:<stepValue:"Herhangi bir pop up varsa kapat\304\261l\304\261r" parameterizedStepValue:"Herhangi bir pop up varsa kapat\304\261l\304\261r" > > 
11:47:22.589 Api Request Received: messageType:GetStepValueRequest messageId:4 stepValueRequest:<stepText:"<by> alan\304\261na <text> yaz\304\261l\304\261r" > 
11:47:22.589 Sending API response: messageType:GetStepValueResponse messageId:4 stepValueResponse:<stepValue:<stepValue:"{} alan\304\261na {} yaz\304\261l\304\261r" parameterizedStepValue:"<by> alan\304\261na <text> yaz\304\261l\304\261r" parameters:"by" parameters:"text" > > 
11:47:22.590 Api Request Received: messageType:GetStepValueRequest messageId:4 stepValueRequest:<stepText:"<by> butonuna t\304\261klan\304\261r" > 
11:47:22.590 Sending API response: messageType:GetStepValueResponse messageId:4 stepValueResponse:<stepValue:<stepValue:"{} butonuna t\304\261klan\304\261r" parameterizedStepValue:"<by> butonuna t\304\261klan\304\261r" parameters:"by" > > 
11:47:22.591 Api Request Received: messageType:GetStepValueRequest messageId:4 stepValueRequest:<stepText:"<by> alan\304\261 silinir" > 
11:47:22.591 Sending API response: messageType:GetStepValueResponse messageId:4 stepValueResponse:<stepValue:<stepValue:"{} alan\304\261 silinir" parameterizedStepValue:"<by> alan\304\261 silinir" parameters:"by" > > 
11:47:22.592 Api Request Received: messageType:GetStepValueRequest messageId:4 stepValueRequest:<stepText:"<Saniye> Saniyesi kadar bekle" > 
11:47:22.592 Sending API response: messageType:GetStepValueResponse messageId:4 stepValueResponse:<stepValue:<stepValue:"{} Saniyesi kadar bekle" parameterizedStepValue:"<Saniye> Saniyesi kadar bekle" parameters:"Saniye" > > 
11:47:22.593 Api Request Received: messageType:GetStepValueRequest messageId:4 stepValueRequest:<stepText:"Klavyeden ENTER tu\305\237una bas\304\261l\304\261r" > 
11:47:22.593 Sending API response: messageType:GetStepValueResponse messageId:4 stepValueResponse:<stepValue:<stepValue:"Klavyeden ENTER tu\305\237una bas\304\261l\304\261r" parameterizedStepValue:"Klavyeden ENTER tu\305\237una bas\304\261l\304\261r" > > 
11:47:22.594 Api Request Received: messageType:GetStepValueRequest messageId:4 stepValueRequest:<stepText:"Klavyeden TAB tu\305\237una bas\304\261l\304\261r" > 
11:47:22.594 Sending API response: messageType:GetStepValueResponse messageId:4 stepValueResponse:<stepValue:<stepValue:"Klavyeden TAB tu\305\237una bas\304\261l\304\261r" parameterizedStepValue:"Klavyeden TAB tu\305\237una bas\304\261l\304\261r" > > 
11:47:22.595 Api Request Received: messageType:GetStepValueRequest messageId:4 stepValueRequest:<stepText:"<by> elementinin g\303\266r\303\274lmesi beklenir" > 
11:47:22.595 Sending API response: messageType:GetStepValueResponse messageId:4 stepValueResponse:<stepValue:<stepValue:"{} elementinin g\303\266r\303\274lmesi beklenir" parameterizedStepValue:"<by> elementinin g\303\266r\303\274lmesi beklenir" parameters:"by" > > 
11:47:22.596 Api Request Received: messageType:GetStepValueRequest messageId:4 stepValueRequest:<stepText:"<byList> listesinden rastgele bir elemana t\304\261klan\304\261r" > 
11:47:22.596 Sending API response: messageType:GetStepValueResponse messageId:4 stepValueResponse:<stepValue:<stepValue:"{} listesinden rastgele bir elemana t\304\261klan\304\261r" parameterizedStepValue:"<byList> listesinden rastgele bir elemana t\304\261klan\304\261r" parameters:"byList" > > 
11:47:44.269 Plugin [Html Report] with pid [2975] has exited
11:47:44.892 Specifications:	1 executed	0 passed	1 failed	0 skipped
11:47:44.892 Scenarios:	1 executed	0 passed	1 failed	0 skipped
11:47:44.892 
Total time taken: 16.742s
11:51:19.205 Plugin java is already installed.
11:51:19.208 Plugin html-report is already installed.
11:51:20.218 Checking updates...
11:51:29.462 Api Request Received: messageType:GetStepValueRequest messageId:4 stepValueRequest:<stepText:"<by> popup\304\261 ekranda g\303\266r\303\274l\303\274rse kapat\304\261l\304\261r" > 
11:51:29.466 Sending API response: messageType:GetStepValueResponse messageId:4 stepValueResponse:<stepValue:<stepValue:"{} popup\304\261 ekranda g\303\266r\303\274l\303\274rse kapat\304\261l\304\261r" parameterizedStepValue:"<by> popup\304\261 ekranda g\303\266r\303\274l\303\274rse kapat\304\261l\304\261r" parameters:"by" > > 
11:51:29.641 Api Request Received: messageType:GetStepValueRequest messageId:4 stepValueRequest:<stepText:"Herhangi bir pop up varsa kapat\304\261l\304\261r" > 
11:51:29.642 Sending API response: messageType:GetStepValueResponse messageId:4 stepValueResponse:<stepValue:<stepValue:"Herhangi bir pop up varsa kapat\304\261l\304\261r" parameterizedStepValue:"Herhangi bir pop up varsa kapat\304\261l\304\261r" > > 
11:51:29.647 Api Request Received: messageType:GetStepValueRequest messageId:4 stepValueRequest:<stepText:"<by> alan\304\261na <text> yaz\304\261l\304\261r" > 
11:51:29.647 Sending API response: messageType:GetStepValueResponse messageId:4 stepValueResponse:<stepValue:<stepValue:"{} alan\304\261na {} yaz\304\261l\304\261r" parameterizedStepValue:"<by> alan\304\261na <text> yaz\304\261l\304\261r" parameters:"by" parameters:"text" > > 
11:51:29.649 Api Request Received: messageType:GetStepValueRequest messageId:4 stepValueRequest:<stepText:"<by> butonuna t\304\261klan\304\261r" > 
11:51:29.649 Sending API response: messageType:GetStepValueResponse messageId:4 stepValueResponse:<stepValue:<stepValue:"{} butonuna t\304\261klan\304\261r" parameterizedStepValue:"<by> butonuna t\304\261klan\304\261r" parameters:"by" > > 
11:51:29.650 Api Request Received: messageType:GetStepValueRequest messageId:4 stepValueRequest:<stepText:"<by> alan\304\261 silinir" > 
11:51:29.650 Sending API response: messageType:GetStepValueResponse messageId:4 stepValueResponse:<stepValue:<stepValue:"{} alan\304\261 silinir" parameterizedStepValue:"<by> alan\304\261 silinir" parameters:"by" > > 
11:51:29.650 Api Request Received: messageType:GetStepValueRequest messageId:4 stepValueRequest:<stepText:"<Saniye> Saniyesi kadar bekle" > 
11:51:29.651 Sending API response: messageType:GetStepValueResponse messageId:4 stepValueResponse:<stepValue:<stepValue:"{} Saniyesi kadar bekle" parameterizedStepValue:"<Saniye> Saniyesi kadar bekle" parameters:"Saniye" > > 
11:51:29.651 Api Request Received: messageType:GetStepValueRequest messageId:4 stepValueRequest:<stepText:"Klavyeden ENTER tu\305\237una bas\304\261l\304\261r" > 
11:51:29.652 Sending API response: messageType:GetStepValueResponse messageId:4 stepValueResponse:<stepValue:<stepValue:"Klavyeden ENTER tu\305\237una bas\304\261l\304\261r" parameterizedStepValue:"Klavyeden ENTER tu\305\237una bas\304\261l\304\261r" > > 
11:51:29.652 Api Request Received: messageType:GetStepValueRequest messageId:4 stepValueRequest:<stepText:"Klavyeden TAB tu\305\237una bas\304\261l\304\261r" > 
11:51:29.652 Sending API response: messageType:GetStepValueResponse messageId:4 stepValueResponse:<stepValue:<stepValue:"Klavyeden TAB tu\305\237una bas\304\261l\304\261r" parameterizedStepValue:"Klavyeden TAB tu\305\237una bas\304\261l\304\261r" > > 
11:51:29.653 Api Request Received: messageType:GetStepValueRequest messageId:4 stepValueRequest:<stepText:"<by> elementinin g\303\266r\303\274lmesi beklenir" > 
11:51:29.653 Sending API response: messageType:GetStepValueResponse messageId:4 stepValueResponse:<stepValue:<stepValue:"{} elementinin g\303\266r\303\274lmesi beklenir" parameterizedStepValue:"<by> elementinin g\303\266r\303\274lmesi beklenir" parameters:"by" > > 
11:51:29.653 Api Request Received: messageType:GetStepValueRequest messageId:4 stepValueRequest:<stepText:"<byList> listesinden rastgele bir elemana t\304\261klan\304\261r" > 
11:51:29.653 Sending API response: messageType:GetStepValueResponse messageId:4 stepValueResponse:<stepValue:<stepValue:"{} listesinden rastgele bir elemana t\304\261klan\304\261r" parameterizedStepValue:"<byList> listesinden rastgele bir elemana t\304\261klan\304\261r" parameters:"byList" > > 
11:51:49.565 Plugin [Html Report] with pid [3029] has exited
11:51:50.291 Specifications:	1 executed	0 passed	1 failed	0 skipped
11:51:50.292 Scenarios:	1 executed	0 passed	1 failed	0 skipped
11:51:50.292 
Total time taken: 15.241s
13:42:56.888 Plugin java is already installed.
13:42:56.893 Plugin html-report is already installed.
13:42:57.825 Checking updates...
13:43:06.684 Api Request Received: messageType:GetStepValueRequest messageId:4 stepValueRequest:<stepText:"<by> popup\304\261 ekranda g\303\266r\303\274l\303\274rse kapat\304\261l\304\261r" > 
13:43:06.688 Sending API response: messageType:GetStepValueResponse messageId:4 stepValueResponse:<stepValue:<stepValue:"{} popup\304\261 ekranda g\303\266r\303\274l\303\274rse kapat\304\261l\304\261r" parameterizedStepValue:"<by> popup\304\261 ekranda g\303\266r\303\274l\303\274rse kapat\304\261l\304\261r" parameters:"by" > > 
13:43:06.824 Api Request Received: messageType:GetStepValueRequest messageId:4 stepValueRequest:<stepText:"Herhangi bir pop up varsa kapat\304\261l\304\261r" > 
13:43:06.824 Sending API response: messageType:GetStepValueResponse messageId:4 stepValueResponse:<stepValue:<stepValue:"Herhangi bir pop up varsa kapat\304\261l\304\261r" parameterizedStepValue:"Herhangi bir pop up varsa kapat\304\261l\304\261r" > > 
13:43:06.825 Api Request Received: messageType:GetStepValueRequest messageId:4 stepValueRequest:<stepText:"<by> alan\304\261na <text> yaz\304\261l\304\261r" > 
13:43:06.825 Sending API response: messageType:GetStepValueResponse messageId:4 stepValueResponse:<stepValue:<stepValue:"{} alan\304\261na {} yaz\304\261l\304\261r" parameterizedStepValue:"<by> alan\304\261na <text> yaz\304\261l\304\261r" parameters:"by" parameters:"text" > > 
13:43:06.826 Api Request Received: messageType:GetStepValueRequest messageId:4 stepValueRequest:<stepText:"<by> butonuna t\304\261klan\304\261r" > 
13:43:06.826 Sending API response: messageType:GetStepValueResponse messageId:4 stepValueResponse:<stepValue:<stepValue:"{} butonuna t\304\261klan\304\261r" parameterizedStepValue:"<by> butonuna t\304\261klan\304\261r" parameters:"by" > > 
13:43:06.826 Api Request Received: messageType:GetStepValueRequest messageId:4 stepValueRequest:<stepText:"<by> alan\304\261 silinir" > 
13:43:06.826 Sending API response: messageType:GetStepValueResponse messageId:4 stepValueResponse:<stepValue:<stepValue:"{} alan\304\261 silinir" parameterizedStepValue:"<by> alan\304\261 silinir" parameters:"by" > > 
13:43:06.827 Api Request Received: messageType:GetStepValueRequest messageId:4 stepValueRequest:<stepText:"<Saniye> Saniyesi kadar bekle" > 
13:43:06.827 Sending API response: messageType:GetStepValueResponse messageId:4 stepValueResponse:<stepValue:<stepValue:"{} Saniyesi kadar bekle" parameterizedStepValue:"<Saniye> Saniyesi kadar bekle" parameters:"Saniye" > > 
13:43:06.827 Api Request Received: messageType:GetStepValueRequest messageId:4 stepValueRequest:<stepText:"Klavyeden ENTER tu\305\237una bas\304\261l\304\261r" > 
13:43:06.828 Sending API response: messageType:GetStepValueResponse messageId:4 stepValueResponse:<stepValue:<stepValue:"Klavyeden ENTER tu\305\237una bas\304\261l\304\261r" parameterizedStepValue:"Klavyeden ENTER tu\305\237una bas\304\261l\304\261r" > > 
13:43:06.828 Api Request Received: messageType:GetStepValueRequest messageId:4 stepValueRequest:<stepText:"Klavyeden TAB tu\305\237una bas\304\261l\304\261r" > 
13:43:06.828 Sending API response: messageType:GetStepValueResponse messageId:4 stepValueResponse:<stepValue:<stepValue:"Klavyeden TAB tu\305\237una bas\304\261l\304\261r" parameterizedStepValue:"Klavyeden TAB tu\305\237una bas\304\261l\304\261r" > > 
13:43:06.829 Api Request Received: messageType:GetStepValueRequest messageId:4 stepValueRequest:<stepText:"<by> elementinin g\303\266r\303\274lmesi beklenir" > 
13:43:06.829 Sending API response: messageType:GetStepValueResponse messageId:4 stepValueResponse:<stepValue:<stepValue:"{} elementinin g\303\266r\303\274lmesi beklenir" parameterizedStepValue:"<by> elementinin g\303\266r\303\274lmesi beklenir" parameters:"by" > > 
13:43:06.830 Api Request Received: messageType:GetStepValueRequest messageId:4 stepValueRequest:<stepText:"<byList> listesinden rastgele bir elemana t\304\261klan\304\261r" > 
13:43:06.831 Sending API response: messageType:GetStepValueResponse messageId:4 stepValueResponse:<stepValue:<stepValue:"{} listesinden rastgele bir elemana t\304\261klan\304\261r" parameterizedStepValue:"<byList> listesinden rastgele bir elemana t\304\261klan\304\261r" parameters:"byList" > > 
13:43:28.492 Plugin [Html Report] with pid [3311] has exited
13:43:29.209 Specifications:	1 executed	0 passed	1 failed	0 skipped
13:43:29.209 Scenarios:	1 executed	0 passed	1 failed	0 skipped
13:43:29.211 
Total time taken: 17.06s
13:51:44.333 Plugin java is already installed.
13:51:44.339 Plugin html-report is already installed.
13:51:45.327 Checking updates...
13:51:53.919 Api Request Received: messageType:GetStepValueRequest messageId:4 stepValueRequest:<stepText:"<by> popup\304\261 ekranda g\303\266r\303\274l\303\274rse kapat\304\261l\304\261r" > 
13:51:53.922 Sending API response: messageType:GetStepValueResponse messageId:4 stepValueResponse:<stepValue:<stepValue:"{} popup\304\261 ekranda g\303\266r\303\274l\303\274rse kapat\304\261l\304\261r" parameterizedStepValue:"<by> popup\304\261 ekranda g\303\266r\303\274l\303\274rse kapat\304\261l\304\261r" parameters:"by" > > 
13:51:54.087 Api Request Received: messageType:GetStepValueRequest messageId:4 stepValueRequest:<stepText:"Herhangi bir pop up varsa kapat\304\261l\304\261r" > 
13:51:54.087 Sending API response: messageType:GetStepValueResponse messageId:4 stepValueResponse:<stepValue:<stepValue:"Herhangi bir pop up varsa kapat\304\261l\304\261r" parameterizedStepValue:"Herhangi bir pop up varsa kapat\304\261l\304\261r" > > 
13:51:54.089 Api Request Received: messageType:GetStepValueRequest messageId:4 stepValueRequest:<stepText:"<by> alan\304\261na <text> yaz\304\261l\304\261r" > 
13:51:54.089 Sending API response: messageType:GetStepValueResponse messageId:4 stepValueResponse:<stepValue:<stepValue:"{} alan\304\261na {} yaz\304\261l\304\261r" parameterizedStepValue:"<by> alan\304\261na <text> yaz\304\261l\304\261r" parameters:"by" parameters:"text" > > 
13:51:54.091 Api Request Received: messageType:GetStepValueRequest messageId:4 stepValueRequest:<stepText:"<by> butonuna t\304\261klan\304\261r" > 
13:51:54.092 Sending API response: messageType:GetStepValueResponse messageId:4 stepValueResponse:<stepValue:<stepValue:"{} butonuna t\304\261klan\304\261r" parameterizedStepValue:"<by> butonuna t\304\261klan\304\261r" parameters:"by" > > 
13:51:54.093 Api Request Received: messageType:GetStepValueRequest messageId:4 stepValueRequest:<stepText:"<by> alan\304\261 silinir" > 
13:51:54.093 Sending API response: messageType:GetStepValueResponse messageId:4 stepValueResponse:<stepValue:<stepValue:"{} alan\304\261 silinir" parameterizedStepValue:"<by> alan\304\261 silinir" parameters:"by" > > 
13:51:54.093 Api Request Received: messageType:GetStepValueRequest messageId:4 stepValueRequest:<stepText:"<Saniye> Saniyesi kadar bekle" > 
13:51:54.094 Sending API response: messageType:GetStepValueResponse messageId:4 stepValueResponse:<stepValue:<stepValue:"{} Saniyesi kadar bekle" parameterizedStepValue:"<Saniye> Saniyesi kadar bekle" parameters:"Saniye" > > 
13:51:54.094 Api Request Received: messageType:GetStepValueRequest messageId:4 stepValueRequest:<stepText:"Klavyeden ENTER tu\305\237una bas\304\261l\304\261r" > 
13:51:54.095 Sending API response: messageType:GetStepValueResponse messageId:4 stepValueResponse:<stepValue:<stepValue:"Klavyeden ENTER tu\305\237una bas\304\261l\304\261r" parameterizedStepValue:"Klavyeden ENTER tu\305\237una bas\304\261l\304\261r" > > 
13:51:54.095 Api Request Received: messageType:GetStepValueRequest messageId:4 stepValueRequest:<stepText:"Klavyeden TAB tu\305\237una bas\304\261l\304\261r" > 
13:51:54.095 Sending API response: messageType:GetStepValueResponse messageId:4 stepValueResponse:<stepValue:<stepValue:"Klavyeden TAB tu\305\237una bas\304\261l\304\261r" parameterizedStepValue:"Klavyeden TAB tu\305\237una bas\304\261l\304\261r" > > 
13:51:54.098 Api Request Received: messageType:GetStepValueRequest messageId:4 stepValueRequest:<stepText:"<by> elementinin g\303\266r\303\274lmesi beklenir" > 
13:51:54.098 Sending API response: messageType:GetStepValueResponse messageId:4 stepValueResponse:<stepValue:<stepValue:"{} elementinin g\303\266r\303\274lmesi beklenir" parameterizedStepValue:"<by> elementinin g\303\266r\303\274lmesi beklenir" parameters:"by" > > 
13:51:54.100 Api Request Received: messageType:GetStepValueRequest messageId:4 stepValueRequest:<stepText:"<byList> listesinden rastgele bir elemana t\304\261klan\304\261r" > 
13:51:54.100 Sending API response: messageType:GetStepValueResponse messageId:4 stepValueResponse:<stepValue:<stepValue:"{} listesinden rastgele bir elemana t\304\261klan\304\261r" parameterizedStepValue:"<byList> listesinden rastgele bir elemana t\304\261klan\304\261r" parameters:"byList" > > 
13:52:16.917 Plugin [Html Report] with pid [3383] has exited
13:52:17.709 Specifications:	1 executed	0 passed	1 failed	0 skipped
13:52:17.709 Scenarios:	1 executed	0 passed	1 failed	0 skipped
13:52:17.709 
Total time taken: 16.282s
13:52:56.516 Plugin java is already installed.
13:52:56.517 Plugin html-report is already installed.
13:52:57.460 Checking updates...
13:53:10.798 Api Request Received: messageType:GetStepValueRequest messageId:4 stepValueRequest:<stepText:"<by> popup\304\261 ekranda g\303\266r\303\274l\303\274rse kapat\304\261l\304\261r" > 
13:53:10.801 Sending API response: messageType:GetStepValueResponse messageId:4 stepValueResponse:<stepValue:<stepValue:"{} popup\304\261 ekranda g\303\266r\303\274l\303\274rse kapat\304\261l\304\261r" parameterizedStepValue:"<by> popup\304\261 ekranda g\303\266r\303\274l\303\274rse kapat\304\261l\304\261r" parameters:"by" > > 
13:53:10.947 Api Request Received: messageType:GetStepValueRequest messageId:4 stepValueRequest:<stepText:"Herhangi bir pop up varsa kapat\304\261l\304\261r" > 
13:53:10.948 Sending API response: messageType:GetStepValueResponse messageId:4 stepValueResponse:<stepValue:<stepValue:"Herhangi bir pop up varsa kapat\304\261l\304\261r" parameterizedStepValue:"Herhangi bir pop up varsa kapat\304\261l\304\261r" > > 
13:53:10.948 Api Request Received: messageType:GetStepValueRequest messageId:4 stepValueRequest:<stepText:"<by> alan\304\261na <text> yaz\304\261l\304\261r" > 
13:53:10.948 Sending API response: messageType:GetStepValueResponse messageId:4 stepValueResponse:<stepValue:<stepValue:"{} alan\304\261na {} yaz\304\261l\304\261r" parameterizedStepValue:"<by> alan\304\261na <text> yaz\304\261l\304\261r" parameters:"by" parameters:"text" > > 
13:53:10.949 Api Request Received: messageType:GetStepValueRequest messageId:4 stepValueRequest:<stepText:"<by> butonuna t\304\261klan\304\261r" > 
13:53:10.949 Sending API response: messageType:GetStepValueResponse messageId:4 stepValueResponse:<stepValue:<stepValue:"{} butonuna t\304\261klan\304\261r" parameterizedStepValue:"<by> butonuna t\304\261klan\304\261r" parameters:"by" > > 
13:53:10.949 Api Request Received: messageType:GetStepValueRequest messageId:4 stepValueRequest:<stepText:"<by> alan\304\261 silinir" > 
13:53:10.950 Sending API response: messageType:GetStepValueResponse messageId:4 stepValueResponse:<stepValue:<stepValue:"{} alan\304\261 silinir" parameterizedStepValue:"<by> alan\304\261 silinir" parameters:"by" > > 
13:53:10.950 Api Request Received: messageType:GetStepValueRequest messageId:4 stepValueRequest:<stepText:"<Saniye> Saniyesi kadar bekle" > 
13:53:10.950 Sending API response: messageType:GetStepValueResponse messageId:4 stepValueResponse:<stepValue:<stepValue:"{} Saniyesi kadar bekle" parameterizedStepValue:"<Saniye> Saniyesi kadar bekle" parameters:"Saniye" > > 
13:53:10.951 Api Request Received: messageType:GetStepValueRequest messageId:4 stepValueRequest:<stepText:"Klavyeden ENTER tu\305\237una bas\304\261l\304\261r" > 
13:53:10.951 Sending API response: messageType:GetStepValueResponse messageId:4 stepValueResponse:<stepValue:<stepValue:"Klavyeden ENTER tu\305\237una bas\304\261l\304\261r" parameterizedStepValue:"Klavyeden ENTER tu\305\237una bas\304\261l\304\261r" > > 
13:53:10.951 Api Request Received: messageType:GetStepValueRequest messageId:4 stepValueRequest:<stepText:"Klavyeden TAB tu\305\237una bas\304\261l\304\261r" > 
13:53:10.951 Sending API response: messageType:GetStepValueResponse messageId:4 stepValueResponse:<stepValue:<stepValue:"Klavyeden TAB tu\305\237una bas\304\261l\304\261r" parameterizedStepValue:"Klavyeden TAB tu\305\237una bas\304\261l\304\261r" > > 
13:53:10.952 Api Request Received: messageType:GetStepValueRequest messageId:4 stepValueRequest:<stepText:"<by> elementinin g\303\266r\303\274lmesi beklenir" > 
13:53:10.952 Sending API response: messageType:GetStepValueResponse messageId:4 stepValueResponse:<stepValue:<stepValue:"{} elementinin g\303\266r\303\274lmesi beklenir" parameterizedStepValue:"<by> elementinin g\303\266r\303\274lmesi beklenir" parameters:"by" > > 
13:53:10.952 Api Request Received: messageType:GetStepValueRequest messageId:4 stepValueRequest:<stepText:"<byList> listesinden rastgele bir elemana t\304\261klan\304\261r" > 
13:53:10.952 Sending API response: messageType:GetStepValueResponse messageId:4 stepValueResponse:<stepValue:<stepValue:"{} listesinden rastgele bir elemana t\304\261klan\304\261r" parameterizedStepValue:"<byList> listesinden rastgele bir elemana t\304\261klan\304\261r" parameters:"byList" > > 
13:53:31.036 Plugin [Html Report] with pid [3436] has exited
13:53:31.455 Specifications:	1 executed	0 passed	1 failed	0 skipped
13:53:31.455 Scenarios:	1 executed	0 passed	1 failed	0 skipped
13:53:31.455 
Total time taken: 15.143s
14:04:15.895 Plugin java is already installed.
14:04:15.900 Plugin html-report is already installed.
14:04:16.984 Checking updates...
14:04:26.039 Api Request Received: messageType:GetStepValueRequest messageId:4 stepValueRequest:<stepText:"<by> popup\304\261 ekranda g\303\266r\303\274l\303\274rse kapat\304\261l\304\261r" > 
14:04:26.041 Sending API response: messageType:GetStepValueResponse messageId:4 stepValueResponse:<stepValue:<stepValue:"{} popup\304\261 ekranda g\303\266r\303\274l\303\274rse kapat\304\261l\304\261r" parameterizedStepValue:"<by> popup\304\261 ekranda g\303\266r\303\274l\303\274rse kapat\304\261l\304\261r" parameters:"by" > > 
14:04:26.188 Api Request Received: messageType:GetStepValueRequest messageId:4 stepValueRequest:<stepText:"Herhangi bir pop up varsa kapat\304\261l\304\261r" > 
14:04:26.188 Sending API response: messageType:GetStepValueResponse messageId:4 stepValueResponse:<stepValue:<stepValue:"Herhangi bir pop up varsa kapat\304\261l\304\261r" parameterizedStepValue:"Herhangi bir pop up varsa kapat\304\261l\304\261r" > > 
14:04:26.188 Api Request Received: messageType:GetStepValueRequest messageId:4 stepValueRequest:<stepText:"<by> alan\304\261na <text> yaz\304\261l\304\261r" > 
14:04:26.189 Sending API response: messageType:GetStepValueResponse messageId:4 stepValueResponse:<stepValue:<stepValue:"{} alan\304\261na {} yaz\304\261l\304\261r" parameterizedStepValue:"<by> alan\304\261na <text> yaz\304\261l\304\261r" parameters:"by" parameters:"text" > > 
14:04:26.189 Api Request Received: messageType:GetStepValueRequest messageId:4 stepValueRequest:<stepText:"<by> butonuna t\304\261klan\304\261r" > 
14:04:26.189 Sending API response: messageType:GetStepValueResponse messageId:4 stepValueResponse:<stepValue:<stepValue:"{} butonuna t\304\261klan\304\261r" parameterizedStepValue:"<by> butonuna t\304\261klan\304\261r" parameters:"by" > > 
14:04:26.190 Api Request Received: messageType:GetStepValueRequest messageId:4 stepValueRequest:<stepText:"<by> alan\304\261 silinir" > 
14:04:26.190 Sending API response: messageType:GetStepValueResponse messageId:4 stepValueResponse:<stepValue:<stepValue:"{} alan\304\261 silinir" parameterizedStepValue:"<by> alan\304\261 silinir" parameters:"by" > > 
14:04:26.190 Api Request Received: messageType:GetStepValueRequest messageId:4 stepValueRequest:<stepText:"<Saniye> Saniyesi kadar bekle" > 
14:04:26.191 Sending API response: messageType:GetStepValueResponse messageId:4 stepValueResponse:<stepValue:<stepValue:"{} Saniyesi kadar bekle" parameterizedStepValue:"<Saniye> Saniyesi kadar bekle" parameters:"Saniye" > > 
14:04:26.191 Api Request Received: messageType:GetStepValueRequest messageId:4 stepValueRequest:<stepText:"Klavyeden ENTER tu\305\237una bas\304\261l\304\261r" > 
14:04:26.191 Sending API response: messageType:GetStepValueResponse messageId:4 stepValueResponse:<stepValue:<stepValue:"Klavyeden ENTER tu\305\237una bas\304\261l\304\261r" parameterizedStepValue:"Klavyeden ENTER tu\305\237una bas\304\261l\304\261r" > > 
14:04:26.192 Api Request Received: messageType:GetStepValueRequest messageId:4 stepValueRequest:<stepText:"Klavyeden TAB tu\305\237una bas\304\261l\304\261r" > 
14:04:26.192 Sending API response: messageType:GetStepValueResponse messageId:4 stepValueResponse:<stepValue:<stepValue:"Klavyeden TAB tu\305\237una bas\304\261l\304\261r" parameterizedStepValue:"Klavyeden TAB tu\305\237una bas\304\261l\304\261r" > > 
14:04:26.193 Api Request Received: messageType:GetStepValueRequest messageId:4 stepValueRequest:<stepText:"<by> elementinin g\303\266r\303\274lmesi beklenir" > 
14:04:26.193 Sending API response: messageType:GetStepValueResponse messageId:4 stepValueResponse:<stepValue:<stepValue:"{} elementinin g\303\266r\303\274lmesi beklenir" parameterizedStepValue:"<by> elementinin g\303\266r\303\274lmesi beklenir" parameters:"by" > > 
14:04:26.194 Api Request Received: messageType:GetStepValueRequest messageId:4 stepValueRequest:<stepText:"<byList> listesinden rastgele bir elemana t\304\261klan\304\261r" > 
14:04:26.195 Sending API response: messageType:GetStepValueResponse messageId:4 stepValueResponse:<stepValue:<stepValue:"{} listesinden rastgele bir elemana t\304\261klan\304\261r" parameterizedStepValue:"<byList> listesinden rastgele bir elemana t\304\261klan\304\261r" parameters:"byList" > > 
14:04:55.211 Plugin [Html Report] with pid [3508] has exited
14:04:55.732 Specifications:	1 executed	0 passed	1 failed	0 skipped
14:04:55.733 Scenarios:	1 executed	0 passed	1 failed	0 skipped
14:04:55.733 
Total time taken: 24.48s
14:13:09.993 Plugin java is already installed.
14:13:09.995 Plugin html-report is already installed.
14:13:10.901 Checking updates...
14:13:18.937 Api Request Received: messageType:GetStepValueRequest messageId:4 stepValueRequest:<stepText:"<by> popup\304\261 ekranda g\303\266r\303\274l\303\274rse kapat\304\261l\304\261r" > 
14:13:18.938 Sending API response: messageType:GetStepValueResponse messageId:4 stepValueResponse:<stepValue:<stepValue:"{} popup\304\261 ekranda g\303\266r\303\274l\303\274rse kapat\304\261l\304\261r" parameterizedStepValue:"<by> popup\304\261 ekranda g\303\266r\303\274l\303\274rse kapat\304\261l\304\261r" parameters:"by" > > 
14:13:19.085 Api Request Received: messageType:GetStepValueRequest messageId:4 stepValueRequest:<stepText:"Herhangi bir pop up varsa kapat\304\261l\304\261r" > 
14:13:19.085 Sending API response: messageType:GetStepValueResponse messageId:4 stepValueResponse:<stepValue:<stepValue:"Herhangi bir pop up varsa kapat\304\261l\304\261r" parameterizedStepValue:"Herhangi bir pop up varsa kapat\304\261l\304\261r" > > 
14:13:19.087 Api Request Received: messageType:GetStepValueRequest messageId:4 stepValueRequest:<stepText:"<by> alan\304\261na <text> yaz\304\261l\304\261r" > 
14:13:19.087 Sending API response: messageType:GetStepValueResponse messageId:4 stepValueResponse:<stepValue:<stepValue:"{} alan\304\261na {} yaz\304\261l\304\261r" parameterizedStepValue:"<by> alan\304\261na <text> yaz\304\261l\304\261r" parameters:"by" parameters:"text" > > 
14:13:19.089 Api Request Received: messageType:GetStepValueRequest messageId:4 stepValueRequest:<stepText:"<by> butonuna t\304\261klan\304\261r" > 
14:13:19.089 Sending API response: messageType:GetStepValueResponse messageId:4 stepValueResponse:<stepValue:<stepValue:"{} butonuna t\304\261klan\304\261r" parameterizedStepValue:"<by> butonuna t\304\261klan\304\261r" parameters:"by" > > 
14:13:19.090 Api Request Received: messageType:GetStepValueRequest messageId:4 stepValueRequest:<stepText:"<by> alan\304\261 silinir" > 
14:13:19.090 Sending API response: messageType:GetStepValueResponse messageId:4 stepValueResponse:<stepValue:<stepValue:"{} alan\304\261 silinir" parameterizedStepValue:"<by> alan\304\261 silinir" parameters:"by" > > 
14:13:19.090 Api Request Received: messageType:GetStepValueRequest messageId:4 stepValueRequest:<stepText:"<Saniye> Saniyesi kadar bekle" > 
14:13:19.091 Sending API response: messageType:GetStepValueResponse messageId:4 stepValueResponse:<stepValue:<stepValue:"{} Saniyesi kadar bekle" parameterizedStepValue:"<Saniye> Saniyesi kadar bekle" parameters:"Saniye" > > 
14:13:19.091 Api Request Received: messageType:GetStepValueRequest messageId:4 stepValueRequest:<stepText:"Klavyeden ENTER tu\305\237una bas\304\261l\304\261r" > 
14:13:19.091 Sending API response: messageType:GetStepValueResponse messageId:4 stepValueResponse:<stepValue:<stepValue:"Klavyeden ENTER tu\305\237una bas\304\261l\304\261r" parameterizedStepValue:"Klavyeden ENTER tu\305\237una bas\304\261l\304\261r" > > 
14:13:19.092 Api Request Received: messageType:GetStepValueRequest messageId:4 stepValueRequest:<stepText:"Klavyeden TAB tu\305\237una bas\304\261l\304\261r" > 
14:13:19.092 Sending API response: messageType:GetStepValueResponse messageId:4 stepValueResponse:<stepValue:<stepValue:"Klavyeden TAB tu\305\237una bas\304\261l\304\261r" parameterizedStepValue:"Klavyeden TAB tu\305\237una bas\304\261l\304\261r" > > 
14:13:19.094 Api Request Received: messageType:GetStepValueRequest messageId:4 stepValueRequest:<stepText:"<by> elementinin g\303\266r\303\274lmesi beklenir" > 
14:13:19.094 Sending API response: messageType:GetStepValueResponse messageId:4 stepValueResponse:<stepValue:<stepValue:"{} elementinin g\303\266r\303\274lmesi beklenir" parameterizedStepValue:"<by> elementinin g\303\266r\303\274lmesi beklenir" parameters:"by" > > 
14:13:19.094 Api Request Received: messageType:GetStepValueRequest messageId:4 stepValueRequest:<stepText:"<byList> listesinden rastgele bir elemana t\304\261klan\304\261r" > 
14:13:19.094 Sending API response: messageType:GetStepValueResponse messageId:4 stepValueResponse:<stepValue:<stepValue:"{} listesinden rastgele bir elemana t\304\261klan\304\261r" parameterizedStepValue:"<byList> listesinden rastgele bir elemana t\304\261klan\304\261r" parameters:"byList" > > 
14:13:48.861 Plugin [Html Report] with pid [3580] has exited
14:13:49.487 Specifications:	1 executed	0 passed	1 failed	0 skipped
14:13:49.487 Scenarios:	1 executed	0 passed	1 failed	0 skipped
14:13:49.487 
Total time taken: 24.891s
14:17:29.078 Plugin java is already installed.
14:17:29.079 Plugin html-report is already installed.
14:17:29.913 Checking updates...
14:17:38.139 Api Request Received: messageType:GetStepValueRequest messageId:4 stepValueRequest:<stepText:"<by> popup\304\261 ekranda g\303\266r\303\274l\303\274rse kapat\304\261l\304\261r" > 
14:17:38.140 Sending API response: messageType:GetStepValueResponse messageId:4 stepValueResponse:<stepValue:<stepValue:"{} popup\304\261 ekranda g\303\266r\303\274l\303\274rse kapat\304\261l\304\261r" parameterizedStepValue:"<by> popup\304\261 ekranda g\303\266r\303\274l\303\274rse kapat\304\261l\304\261r" parameters:"by" > > 
14:17:38.286 Api Request Received: messageType:GetStepValueRequest messageId:4 stepValueRequest:<stepText:"Herhangi bir pop up varsa kapat\304\261l\304\261r" > 
14:17:38.287 Sending API response: messageType:GetStepValueResponse messageId:4 stepValueResponse:<stepValue:<stepValue:"Herhangi bir pop up varsa kapat\304\261l\304\261r" parameterizedStepValue:"Herhangi bir pop up varsa kapat\304\261l\304\261r" > > 
14:17:38.287 Api Request Received: messageType:GetStepValueRequest messageId:4 stepValueRequest:<stepText:"<by> alan\304\261na <text> yaz\304\261l\304\261r" > 
14:17:38.287 Sending API response: messageType:GetStepValueResponse messageId:4 stepValueResponse:<stepValue:<stepValue:"{} alan\304\261na {} yaz\304\261l\304\261r" parameterizedStepValue:"<by> alan\304\261na <text> yaz\304\261l\304\261r" parameters:"by" parameters:"text" > > 
14:17:38.288 Api Request Received: messageType:GetStepValueRequest messageId:4 stepValueRequest:<stepText:"<by> butonuna t\304\261klan\304\261r" > 
14:17:38.288 Sending API response: messageType:GetStepValueResponse messageId:4 stepValueResponse:<stepValue:<stepValue:"{} butonuna t\304\261klan\304\261r" parameterizedStepValue:"<by> butonuna t\304\261klan\304\261r" parameters:"by" > > 
14:17:38.289 Api Request Received: messageType:GetStepValueRequest messageId:4 stepValueRequest:<stepText:"<by> alan\304\261 silinir" > 
14:17:38.289 Sending API response: messageType:GetStepValueResponse messageId:4 stepValueResponse:<stepValue:<stepValue:"{} alan\304\261 silinir" parameterizedStepValue:"<by> alan\304\261 silinir" parameters:"by" > > 
14:17:38.289 Api Request Received: messageType:GetStepValueRequest messageId:4 stepValueRequest:<stepText:"<Saniye> Saniyesi kadar bekle" > 
14:17:38.289 Sending API response: messageType:GetStepValueResponse messageId:4 stepValueResponse:<stepValue:<stepValue:"{} Saniyesi kadar bekle" parameterizedStepValue:"<Saniye> Saniyesi kadar bekle" parameters:"Saniye" > > 
14:17:38.290 Api Request Received: messageType:GetStepValueRequest messageId:4 stepValueRequest:<stepText:"Klavyeden ENTER tu\305\237una bas\304\261l\304\261r" > 
14:17:38.290 Sending API response: messageType:GetStepValueResponse messageId:4 stepValueResponse:<stepValue:<stepValue:"Klavyeden ENTER tu\305\237una bas\304\261l\304\261r" parameterizedStepValue:"Klavyeden ENTER tu\305\237una bas\304\261l\304\261r" > > 
14:17:38.291 Api Request Received: messageType:GetStepValueRequest messageId:4 stepValueRequest:<stepText:"Klavyeden TAB tu\305\237una bas\304\261l\304\261r" > 
14:17:38.291 Sending API response: messageType:GetStepValueResponse messageId:4 stepValueResponse:<stepValue:<stepValue:"Klavyeden TAB tu\305\237una bas\304\261l\304\261r" parameterizedStepValue:"Klavyeden TAB tu\305\237una bas\304\261l\304\261r" > > 
14:17:38.291 Api Request Received: messageType:GetStepValueRequest messageId:4 stepValueRequest:<stepText:"<by> elementinin g\303\266r\303\274lmesi beklenir" > 
14:17:38.291 Sending API response: messageType:GetStepValueResponse messageId:4 stepValueResponse:<stepValue:<stepValue:"{} elementinin g\303\266r\303\274lmesi beklenir" parameterizedStepValue:"<by> elementinin g\303\266r\303\274lmesi beklenir" parameters:"by" > > 
14:17:38.292 Api Request Received: messageType:GetStepValueRequest messageId:4 stepValueRequest:<stepText:"<byList> listesinden rastgele bir elemana t\304\261klan\304\261r" > 
14:17:38.292 Sending API response: messageType:GetStepValueResponse messageId:4 stepValueResponse:<stepValue:<stepValue:"{} listesinden rastgele bir elemana t\304\261klan\304\261r" parameterizedStepValue:"<byList> listesinden rastgele bir elemana t\304\261klan\304\261r" parameters:"byList" > > 
14:18:07.294 Plugin [Html Report] with pid [3641] has exited
14:18:07.821 Specifications:	1 executed	0 passed	1 failed	0 skipped
14:18:07.821 Scenarios:	1 executed	0 passed	1 failed	0 skipped
14:18:07.821 
Total time taken: 24.347s
14:26:06.183 Plugin java is already installed.
14:26:06.185 Plugin html-report is already installed.
14:26:08.610 Checking updates...
14:26:16.787 Api Request Received: messageType:GetStepValueRequest messageId:4 stepValueRequest:<stepText:"<by> popup\304\261 ekranda g\303\266r\303\274l\303\274rse kapat\304\261l\304\261r" > 
14:26:16.788 Sending API response: messageType:GetStepValueResponse messageId:4 stepValueResponse:<stepValue:<stepValue:"{} popup\304\261 ekranda g\303\266r\303\274l\303\274rse kapat\304\261l\304\261r" parameterizedStepValue:"<by> popup\304\261 ekranda g\303\266r\303\274l\303\274rse kapat\304\261l\304\261r" parameters:"by" > > 
14:26:16.951 Api Request Received: messageType:GetStepValueRequest messageId:4 stepValueRequest:<stepText:"Herhangi bir pop up varsa kapat\304\261l\304\261r" > 
14:26:16.952 Sending API response: messageType:GetStepValueResponse messageId:4 stepValueResponse:<stepValue:<stepValue:"Herhangi bir pop up varsa kapat\304\261l\304\261r" parameterizedStepValue:"Herhangi bir pop up varsa kapat\304\261l\304\261r" > > 
14:26:16.953 Api Request Received: messageType:GetStepValueRequest messageId:4 stepValueRequest:<stepText:"<by> alan\304\261na <text> yaz\304\261l\304\261r" > 
14:26:16.953 Sending API response: messageType:GetStepValueResponse messageId:4 stepValueResponse:<stepValue:<stepValue:"{} alan\304\261na {} yaz\304\261l\304\261r" parameterizedStepValue:"<by> alan\304\261na <text> yaz\304\261l\304\261r" parameters:"by" parameters:"text" > > 
14:26:16.954 Api Request Received: messageType:GetStepValueRequest messageId:4 stepValueRequest:<stepText:"<by> butonuna t\304\261klan\304\261r" > 
14:26:16.954 Sending API response: messageType:GetStepValueResponse messageId:4 stepValueResponse:<stepValue:<stepValue:"{} butonuna t\304\261klan\304\261r" parameterizedStepValue:"<by> butonuna t\304\261klan\304\261r" parameters:"by" > > 
14:26:16.955 Api Request Received: messageType:GetStepValueRequest messageId:4 stepValueRequest:<stepText:"<by> alan\304\261 silinir" > 
14:26:16.955 Sending API response: messageType:GetStepValueResponse messageId:4 stepValueResponse:<stepValue:<stepValue:"{} alan\304\261 silinir" parameterizedStepValue:"<by> alan\304\261 silinir" parameters:"by" > > 
14:26:16.956 Api Request Received: messageType:GetStepValueRequest messageId:4 stepValueRequest:<stepText:"<Saniye> Saniyesi kadar bekle" > 
14:26:16.956 Sending API response: messageType:GetStepValueResponse messageId:4 stepValueResponse:<stepValue:<stepValue:"{} Saniyesi kadar bekle" parameterizedStepValue:"<Saniye> Saniyesi kadar bekle" parameters:"Saniye" > > 
14:26:16.956 Api Request Received: messageType:GetStepValueRequest messageId:4 stepValueRequest:<stepText:"Klavyeden ENTER tu\305\237una bas\304\261l\304\261r" > 
14:26:16.957 Sending API response: messageType:GetStepValueResponse messageId:4 stepValueResponse:<stepValue:<stepValue:"Klavyeden ENTER tu\305\237una bas\304\261l\304\261r" parameterizedStepValue:"Klavyeden ENTER tu\305\237una bas\304\261l\304\261r" > > 
14:26:16.957 Api Request Received: messageType:GetStepValueRequest messageId:4 stepValueRequest:<stepText:"Klavyeden TAB tu\305\237una bas\304\261l\304\261r" > 
14:26:16.957 Sending API response: messageType:GetStepValueResponse messageId:4 stepValueResponse:<stepValue:<stepValue:"Klavyeden TAB tu\305\237una bas\304\261l\304\261r" parameterizedStepValue:"Klavyeden TAB tu\305\237una bas\304\261l\304\261r" > > 
14:26:16.958 Api Request Received: messageType:GetStepValueRequest messageId:4 stepValueRequest:<stepText:"<by> elementinin g\303\266r\303\274lmesi beklenir" > 
14:26:16.958 Sending API response: messageType:GetStepValueResponse messageId:4 stepValueResponse:<stepValue:<stepValue:"{} elementinin g\303\266r\303\274lmesi beklenir" parameterizedStepValue:"<by> elementinin g\303\266r\303\274lmesi beklenir" parameters:"by" > > 
14:26:16.958 Api Request Received: messageType:GetStepValueRequest messageId:4 stepValueRequest:<stepText:"<byList> listesinden rastgele bir elemana t\304\261klan\304\261r" > 
14:26:16.958 Sending API response: messageType:GetStepValueResponse messageId:4 stepValueResponse:<stepValue:<stepValue:"{} listesinden rastgele bir elemana t\304\261klan\304\261r" parameterizedStepValue:"<byList> listesinden rastgele bir elemana t\304\261klan\304\261r" parameters:"byList" > > 
14:26:34.119 Plugin [Html Report] with pid [3744] has exited
14:26:34.729 Specifications:	0 executed	0 passed	0 failed	0 skipped
14:26:34.729 Scenarios:	0 executed	0 passed	0 failed	0 skipped
14:26:34.729 
Total time taken: 12.321s
14:28:09.135 Plugin java is already installed.
14:28:09.140 Plugin html-report is already installed.
14:28:10.075 Checking updates...
14:28:18.124 Api Request Received: messageType:GetStepValueRequest messageId:4 stepValueRequest:<stepText:"<by> popup\304\261 ekranda g\303\266r\303\274l\303\274rse kapat\304\261l\304\261r" > 
14:28:18.125 Sending API response: messageType:GetStepValueResponse messageId:4 stepValueResponse:<stepValue:<stepValue:"{} popup\304\261 ekranda g\303\266r\303\274l\303\274rse kapat\304\261l\304\261r" parameterizedStepValue:"<by> popup\304\261 ekranda g\303\266r\303\274l\303\274rse kapat\304\261l\304\261r" parameters:"by" > > 
14:28:18.298 Api Request Received: messageType:GetStepValueRequest messageId:4 stepValueRequest:<stepText:"Herhangi bir pop up varsa kapat\304\261l\304\261r" > 
14:28:18.298 Sending API response: messageType:GetStepValueResponse messageId:4 stepValueResponse:<stepValue:<stepValue:"Herhangi bir pop up varsa kapat\304\261l\304\261r" parameterizedStepValue:"Herhangi bir pop up varsa kapat\304\261l\304\261r" > > 
14:28:18.299 Api Request Received: messageType:GetStepValueRequest messageId:4 stepValueRequest:<stepText:"<by> alan\304\261na <text> yaz\304\261l\304\261r" > 
14:28:18.299 Sending API response: messageType:GetStepValueResponse messageId:4 stepValueResponse:<stepValue:<stepValue:"{} alan\304\261na {} yaz\304\261l\304\261r" parameterizedStepValue:"<by> alan\304\261na <text> yaz\304\261l\304\261r" parameters:"by" parameters:"text" > > 
14:28:18.299 Api Request Received: messageType:GetStepValueRequest messageId:4 stepValueRequest:<stepText:"<by> butonuna t\304\261klan\304\261r" > 
14:28:18.300 Sending API response: messageType:GetStepValueResponse messageId:4 stepValueResponse:<stepValue:<stepValue:"{} butonuna t\304\261klan\304\261r" parameterizedStepValue:"<by> butonuna t\304\261klan\304\261r" parameters:"by" > > 
14:28:18.300 Api Request Received: messageType:GetStepValueRequest messageId:4 stepValueRequest:<stepText:"<by> alan\304\261 silinir" > 
14:28:18.300 Sending API response: messageType:GetStepValueResponse messageId:4 stepValueResponse:<stepValue:<stepValue:"{} alan\304\261 silinir" parameterizedStepValue:"<by> alan\304\261 silinir" parameters:"by" > > 
14:28:18.301 Api Request Received: messageType:GetStepValueRequest messageId:4 stepValueRequest:<stepText:"<Saniye> Saniyesi kadar bekle" > 
14:28:18.301 Sending API response: messageType:GetStepValueResponse messageId:4 stepValueResponse:<stepValue:<stepValue:"{} Saniyesi kadar bekle" parameterizedStepValue:"<Saniye> Saniyesi kadar bekle" parameters:"Saniye" > > 
14:28:18.302 Api Request Received: messageType:GetStepValueRequest messageId:4 stepValueRequest:<stepText:"Klavyeden ENTER tu\305\237una bas\304\261l\304\261r" > 
14:28:18.302 Sending API response: messageType:GetStepValueResponse messageId:4 stepValueResponse:<stepValue:<stepValue:"Klavyeden ENTER tu\305\237una bas\304\261l\304\261r" parameterizedStepValue:"Klavyeden ENTER tu\305\237una bas\304\261l\304\261r" > > 
14:28:18.302 Api Request Received: messageType:GetStepValueRequest messageId:4 stepValueRequest:<stepText:"Klavyeden TAB tu\305\237una bas\304\261l\304\261r" > 
14:28:18.302 Sending API response: messageType:GetStepValueResponse messageId:4 stepValueResponse:<stepValue:<stepValue:"Klavyeden TAB tu\305\237una bas\304\261l\304\261r" parameterizedStepValue:"Klavyeden TAB tu\305\237una bas\304\261l\304\261r" > > 
14:28:18.303 Api Request Received: messageType:GetStepValueRequest messageId:4 stepValueRequest:<stepText:"<by> elementinin g\303\266r\303\274lmesi beklenir" > 
14:28:18.303 Sending API response: messageType:GetStepValueResponse messageId:4 stepValueResponse:<stepValue:<stepValue:"{} elementinin g\303\266r\303\274lmesi beklenir" parameterizedStepValue:"<by> elementinin g\303\266r\303\274lmesi beklenir" parameters:"by" > > 
14:28:18.303 Api Request Received: messageType:GetStepValueRequest messageId:4 stepValueRequest:<stepText:"<byList> listesinden rastgele bir elemana t\304\261klan\304\261r" > 
14:28:18.303 Sending API response: messageType:GetStepValueResponse messageId:4 stepValueResponse:<stepValue:<stepValue:"{} listesinden rastgele bir elemana t\304\261klan\304\261r" parameterizedStepValue:"<byList> listesinden rastgele bir elemana t\304\261klan\304\261r" parameters:"byList" > > 
14:28:50.391 Plugin [Html Report] with pid [3801] has exited
14:28:51.012 Specifications:	1 executed	0 passed	1 failed	0 skipped
14:28:51.012 Scenarios:	1 executed	0 passed	1 failed	0 skipped
14:28:51.012 
Total time taken: 24.41s
14:47:58.405 Plugin java is already installed.
14:47:58.412 Plugin html-report is already installed.
14:47:59.511 Checking updates...
14:48:08.067 Api Request Received: messageType:GetStepValueRequest messageId:4 stepValueRequest:<stepText:"<by> popup\304\261 ekranda g\303\266r\303\274l\303\274rse kapat\304\261l\304\261r" > 
14:48:08.071 Sending API response: messageType:GetStepValueResponse messageId:4 stepValueResponse:<stepValue:<stepValue:"{} popup\304\261 ekranda g\303\266r\303\274l\303\274rse kapat\304\261l\304\261r" parameterizedStepValue:"<by> popup\304\261 ekranda g\303\266r\303\274l\303\274rse kapat\304\261l\304\261r" parameters:"by" > > 
14:48:08.249 Api Request Received: messageType:GetStepValueRequest messageId:4 stepValueRequest:<stepText:"Herhangi bir pop up varsa kapat\304\261l\304\261r" > 
14:48:08.250 Sending API response: messageType:GetStepValueResponse messageId:4 stepValueResponse:<stepValue:<stepValue:"Herhangi bir pop up varsa kapat\304\261l\304\261r" parameterizedStepValue:"Herhangi bir pop up varsa kapat\304\261l\304\261r" > > 
14:48:08.250 Api Request Received: messageType:GetStepValueRequest messageId:4 stepValueRequest:<stepText:"<by> alan\304\261na <text> yaz\304\261l\304\261r" > 
14:48:08.250 Sending API response: messageType:GetStepValueResponse messageId:4 stepValueResponse:<stepValue:<stepValue:"{} alan\304\261na {} yaz\304\261l\304\261r" parameterizedStepValue:"<by> alan\304\261na <text> yaz\304\261l\304\261r" parameters:"by" parameters:"text" > > 
14:48:08.251 Api Request Received: messageType:GetStepValueRequest messageId:4 stepValueRequest:<stepText:"<by> butonuna t\304\261klan\304\261r" > 
14:48:08.251 Sending API response: messageType:GetStepValueResponse messageId:4 stepValueResponse:<stepValue:<stepValue:"{} butonuna t\304\261klan\304\261r" parameterizedStepValue:"<by> butonuna t\304\261klan\304\261r" parameters:"by" > > 
14:48:08.251 Api Request Received: messageType:GetStepValueRequest messageId:4 stepValueRequest:<stepText:"<by> alan\304\261 silinir" > 
14:48:08.252 Sending API response: messageType:GetStepValueResponse messageId:4 stepValueResponse:<stepValue:<stepValue:"{} alan\304\261 silinir" parameterizedStepValue:"<by> alan\304\261 silinir" parameters:"by" > > 
14:48:08.252 Api Request Received: messageType:GetStepValueRequest messageId:4 stepValueRequest:<stepText:"<Saniye> Saniyesi kadar bekle" > 
14:48:08.252 Sending API response: messageType:GetStepValueResponse messageId:4 stepValueResponse:<stepValue:<stepValue:"{} Saniyesi kadar bekle" parameterizedStepValue:"<Saniye> Saniyesi kadar bekle" parameters:"Saniye" > > 
14:48:08.253 Api Request Received: messageType:GetStepValueRequest messageId:4 stepValueRequest:<stepText:"Klavyeden ENTER tu\305\237una bas\304\261l\304\261r" > 
14:48:08.253 Sending API response: messageType:GetStepValueResponse messageId:4 stepValueResponse:<stepValue:<stepValue:"Klavyeden ENTER tu\305\237una bas\304\261l\304\261r" parameterizedStepValue:"Klavyeden ENTER tu\305\237una bas\304\261l\304\261r" > > 
14:48:08.253 Api Request Received: messageType:GetStepValueRequest messageId:4 stepValueRequest:<stepText:"Klavyeden TAB tu\305\237una bas\304\261l\304\261r" > 
14:48:08.253 Sending API response: messageType:GetStepValueResponse messageId:4 stepValueResponse:<stepValue:<stepValue:"Klavyeden TAB tu\305\237una bas\304\261l\304\261r" parameterizedStepValue:"Klavyeden TAB tu\305\237una bas\304\261l\304\261r" > > 
14:48:08.254 Api Request Received: messageType:GetStepValueRequest messageId:4 stepValueRequest:<stepText:"<by> elementinin g\303\266r\303\274lmesi beklenir" > 
14:48:08.254 Sending API response: messageType:GetStepValueResponse messageId:4 stepValueResponse:<stepValue:<stepValue:"{} elementinin g\303\266r\303\274lmesi beklenir" parameterizedStepValue:"<by> elementinin g\303\266r\303\274lmesi beklenir" parameters:"by" > > 
14:48:08.254 Api Request Received: messageType:GetStepValueRequest messageId:4 stepValueRequest:<stepText:"<byList> listesinden rastgele bir elemana t\304\261klan\304\261r" > 
14:48:08.254 Sending API response: messageType:GetStepValueResponse messageId:4 stepValueResponse:<stepValue:<stepValue:"{} listesinden rastgele bir elemana t\304\261klan\304\261r" parameterizedStepValue:"<byList> listesinden rastgele bir elemana t\304\261klan\304\261r" parameters:"byList" > > 
14:48:49.811 Plugin [Html Report] with pid [3945] has exited
14:48:50.130 Specifications:	1 executed	0 passed	1 failed	0 skipped
14:48:50.130 Scenarios:	1 executed	0 passed	1 failed	0 skipped
14:48:50.130 
Total time taken: 36.633s
14:50:55.432 Plugin java is already installed.
14:50:55.434 Plugin html-report is already installed.
14:50:56.307 Checking updates...
14:51:05.525 Api Request Received: messageType:GetStepValueRequest messageId:4 stepValueRequest:<stepText:"<by> popup\304\261 ekranda g\303\266r\303\274l\303\274rse kapat\304\261l\304\261r" > 
14:51:05.527 Sending API response: messageType:GetStepValueResponse messageId:4 stepValueResponse:<stepValue:<stepValue:"{} popup\304\261 ekranda g\303\266r\303\274l\303\274rse kapat\304\261l\304\261r" parameterizedStepValue:"<by> popup\304\261 ekranda g\303\266r\303\274l\303\274rse kapat\304\261l\304\261r" parameters:"by" > > 
14:51:05.665 Api Request Received: messageType:GetStepValueRequest messageId:4 stepValueRequest:<stepText:"Herhangi bir pop up varsa kapat\304\261l\304\261r" > 
14:51:05.665 Sending API response: messageType:GetStepValueResponse messageId:4 stepValueResponse:<stepValue:<stepValue:"Herhangi bir pop up varsa kapat\304\261l\304\261r" parameterizedStepValue:"Herhangi bir pop up varsa kapat\304\261l\304\261r" > > 
14:51:05.666 Api Request Received: messageType:GetStepValueRequest messageId:4 stepValueRequest:<stepText:"<by> alan\304\261na <text> yaz\304\261l\304\261r" > 
14:51:05.666 Sending API response: messageType:GetStepValueResponse messageId:4 stepValueResponse:<stepValue:<stepValue:"{} alan\304\261na {} yaz\304\261l\304\261r" parameterizedStepValue:"<by> alan\304\261na <text> yaz\304\261l\304\261r" parameters:"by" parameters:"text" > > 
14:51:05.666 Api Request Received: messageType:GetStepValueRequest messageId:4 stepValueRequest:<stepText:"<by> butonuna t\304\261klan\304\261r" > 
14:51:05.666 Sending API response: messageType:GetStepValueResponse messageId:4 stepValueResponse:<stepValue:<stepValue:"{} butonuna t\304\261klan\304\261r" parameterizedStepValue:"<by> butonuna t\304\261klan\304\261r" parameters:"by" > > 
14:51:05.667 Api Request Received: messageType:GetStepValueRequest messageId:4 stepValueRequest:<stepText:"<by> alan\304\261 silinir" > 
14:51:05.667 Sending API response: messageType:GetStepValueResponse messageId:4 stepValueResponse:<stepValue:<stepValue:"{} alan\304\261 silinir" parameterizedStepValue:"<by> alan\304\261 silinir" parameters:"by" > > 
14:51:05.668 Api Request Received: messageType:GetStepValueRequest messageId:4 stepValueRequest:<stepText:"<Saniye> Saniyesi kadar bekle" > 
14:51:05.668 Sending API response: messageType:GetStepValueResponse messageId:4 stepValueResponse:<stepValue:<stepValue:"{} Saniyesi kadar bekle" parameterizedStepValue:"<Saniye> Saniyesi kadar bekle" parameters:"Saniye" > > 
14:51:05.668 Api Request Received: messageType:GetStepValueRequest messageId:4 stepValueRequest:<stepText:"Klavyeden ENTER tu\305\237una bas\304\261l\304\261r" > 
14:51:05.669 Sending API response: messageType:GetStepValueResponse messageId:4 stepValueResponse:<stepValue:<stepValue:"Klavyeden ENTER tu\305\237una bas\304\261l\304\261r" parameterizedStepValue:"Klavyeden ENTER tu\305\237una bas\304\261l\304\261r" > > 
14:51:05.669 Api Request Received: messageType:GetStepValueRequest messageId:4 stepValueRequest:<stepText:"Klavyeden TAB tu\305\237una bas\304\261l\304\261r" > 
14:51:05.669 Sending API response: messageType:GetStepValueResponse messageId:4 stepValueResponse:<stepValue:<stepValue:"Klavyeden TAB tu\305\237una bas\304\261l\304\261r" parameterizedStepValue:"Klavyeden TAB tu\305\237una bas\304\261l\304\261r" > > 
14:51:05.670 Api Request Received: messageType:GetStepValueRequest messageId:4 stepValueRequest:<stepText:"<by> elementinin g\303\266r\303\274lmesi beklenir" > 
14:51:05.670 Sending API response: messageType:GetStepValueResponse messageId:4 stepValueResponse:<stepValue:<stepValue:"{} elementinin g\303\266r\303\274lmesi beklenir" parameterizedStepValue:"<by> elementinin g\303\266r\303\274lmesi beklenir" parameters:"by" > > 
14:51:05.670 Api Request Received: messageType:GetStepValueRequest messageId:4 stepValueRequest:<stepText:"<byList> listesinden rastgele bir elemana t\304\261klan\304\261r" > 
14:51:05.670 Sending API response: messageType:GetStepValueResponse messageId:4 stepValueResponse:<stepValue:<stepValue:"{} listesinden rastgele bir elemana t\304\261klan\304\261r" parameterizedStepValue:"<byList> listesinden rastgele bir elemana t\304\261klan\304\261r" parameters:"byList" > > 
14:51:36.535 Plugin [Html Report] with pid [4007] has exited
14:51:37.159 Specifications:	1 executed	0 passed	1 failed	0 skipped
14:51:37.160 Scenarios:	1 executed	0 passed	1 failed	0 skipped
14:51:37.160 
Total time taken: 25.609s
19:49:43.258 Plugin java is already installed.
19:49:43.260 Plugin html-report is already installed.
19:49:44.929 Checking updates...
19:49:55.589 Api Request Received: messageType:GetStepValueRequest messageId:4 stepValueRequest:<stepText:"<by> popup\304\261 ekranda g\303\266r\303\274l\303\274rse kapat\304\261l\304\261r" > 
19:49:55.598 Sending API response: messageType:GetStepValueResponse messageId:4 stepValueResponse:<stepValue:<stepValue:"{} popup\304\261 ekranda g\303\266r\303\274l\303\274rse kapat\304\261l\304\261r" parameterizedStepValue:"<by> popup\304\261 ekranda g\303\266r\303\274l\303\274rse kapat\304\261l\304\261r" parameters:"by" > > 
19:49:55.739 Api Request Received: messageType:GetStepValueRequest messageId:4 stepValueRequest:<stepText:"Herhangi bir pop up varsa kapat\304\261l\304\261r" > 
19:49:55.739 Sending API response: messageType:GetStepValueResponse messageId:4 stepValueResponse:<stepValue:<stepValue:"Herhangi bir pop up varsa kapat\304\261l\304\261r" parameterizedStepValue:"Herhangi bir pop up varsa kapat\304\261l\304\261r" > > 
19:49:55.740 Api Request Received: messageType:GetStepValueRequest messageId:4 stepValueRequest:<stepText:"<by> alan\304\261na <text> yaz\304\261l\304\261r" > 
19:49:55.740 Sending API response: messageType:GetStepValueResponse messageId:4 stepValueResponse:<stepValue:<stepValue:"{} alan\304\261na {} yaz\304\261l\304\261r" parameterizedStepValue:"<by> alan\304\261na <text> yaz\304\261l\304\261r" parameters:"by" parameters:"text" > > 
19:49:55.741 Api Request Received: messageType:GetStepValueRequest messageId:4 stepValueRequest:<stepText:"<by> butonuna t\304\261klan\304\261r" > 
19:49:55.741 Sending API response: messageType:GetStepValueResponse messageId:4 stepValueResponse:<stepValue:<stepValue:"{} butonuna t\304\261klan\304\261r" parameterizedStepValue:"<by> butonuna t\304\261klan\304\261r" parameters:"by" > > 
19:49:55.743 Api Request Received: messageType:GetStepValueRequest messageId:4 stepValueRequest:<stepText:"<by> alan\304\261 silinir" > 
19:49:55.744 Sending API response: messageType:GetStepValueResponse messageId:4 stepValueResponse:<stepValue:<stepValue:"{} alan\304\261 silinir" parameterizedStepValue:"<by> alan\304\261 silinir" parameters:"by" > > 
19:49:55.747 Api Request Received: messageType:GetStepValueRequest messageId:4 stepValueRequest:<stepText:"<Saniye> Saniyesi kadar bekle" > 
19:49:55.748 Sending API response: messageType:GetStepValueResponse messageId:4 stepValueResponse:<stepValue:<stepValue:"{} Saniyesi kadar bekle" parameterizedStepValue:"<Saniye> Saniyesi kadar bekle" parameters:"Saniye" > > 
19:49:55.749 Api Request Received: messageType:GetStepValueRequest messageId:4 stepValueRequest:<stepText:"Klavyeden ENTER tu\305\237una bas\304\261l\304\261r" > 
19:49:55.749 Sending API response: messageType:GetStepValueResponse messageId:4 stepValueResponse:<stepValue:<stepValue:"Klavyeden ENTER tu\305\237una bas\304\261l\304\261r" parameterizedStepValue:"Klavyeden ENTER tu\305\237una bas\304\261l\304\261r" > > 
19:49:55.749 Api Request Received: messageType:GetStepValueRequest messageId:4 stepValueRequest:<stepText:"Klavyeden TAB tu\305\237una bas\304\261l\304\261r" > 
19:49:55.749 Sending API response: messageType:GetStepValueResponse messageId:4 stepValueResponse:<stepValue:<stepValue:"Klavyeden TAB tu\305\237una bas\304\261l\304\261r" parameterizedStepValue:"Klavyeden TAB tu\305\237una bas\304\261l\304\261r" > > 
19:49:55.750 Api Request Received: messageType:GetStepValueRequest messageId:4 stepValueRequest:<stepText:"<by> elementinin g\303\266r\303\274lmesi beklenir" > 
19:49:55.750 Sending API response: messageType:GetStepValueResponse messageId:4 stepValueResponse:<stepValue:<stepValue:"{} elementinin g\303\266r\303\274lmesi beklenir" parameterizedStepValue:"<by> elementinin g\303\266r\303\274lmesi beklenir" parameters:"by" > > 
19:49:55.750 Api Request Received: messageType:GetStepValueRequest messageId:4 stepValueRequest:<stepText:"<byList> listesinden rastgele bir elemana t\304\261klan\304\261r" > 
19:49:55.751 Sending API response: messageType:GetStepValueResponse messageId:4 stepValueResponse:<stepValue:<stepValue:"{} listesinden rastgele bir elemana t\304\261klan\304\261r" parameterizedStepValue:"<byList> listesinden rastgele bir elemana t\304\261klan\304\261r" parameters:"byList" > > 
19:50:44.466 Plugin [Html Report] with pid [5448] has exited
19:50:45.088 Specifications:	1 executed	0 passed	1 failed	0 skipped
19:50:45.088 Scenarios:	1 executed	0 passed	1 failed	0 skipped
19:50:45.088 
Total time taken: 44.606s
19:56:29.086 Unable to send analytics data, timed out
19:56:29.629 Plugin java is already installed.
19:56:29.630 Plugin html-report is already installed.
19:56:30.950 Checking updates...
19:56:40.239 Api Request Received: messageType:GetStepValueRequest messageId:4 stepValueRequest:<stepText:"<by> popup\304\261 ekranda g\303\266r\303\274l\303\274rse kapat\304\261l\304\261r" > 
19:56:40.240 Sending API response: messageType:GetStepValueResponse messageId:4 stepValueResponse:<stepValue:<stepValue:"{} popup\304\261 ekranda g\303\266r\303\274l\303\274rse kapat\304\261l\304\261r" parameterizedStepValue:"<by> popup\304\261 ekranda g\303\266r\303\274l\303\274rse kapat\304\261l\304\261r" parameters:"by" > > 
19:56:40.421 Api Request Received: messageType:GetStepValueRequest messageId:4 stepValueRequest:<stepText:"Herhangi bir pop up varsa kapat\304\261l\304\261r" > 
19:56:40.421 Sending API response: messageType:GetStepValueResponse messageId:4 stepValueResponse:<stepValue:<stepValue:"Herhangi bir pop up varsa kapat\304\261l\304\261r" parameterizedStepValue:"Herhangi bir pop up varsa kapat\304\261l\304\261r" > > 
19:56:40.422 Api Request Received: messageType:GetStepValueRequest messageId:4 stepValueRequest:<stepText:"<by> alan\304\261na <text> yaz\304\261l\304\261r" > 
19:56:40.422 Sending API response: messageType:GetStepValueResponse messageId:4 stepValueResponse:<stepValue:<stepValue:"{} alan\304\261na {} yaz\304\261l\304\261r" parameterizedStepValue:"<by> alan\304\261na <text> yaz\304\261l\304\261r" parameters:"by" parameters:"text" > > 
19:56:40.423 Api Request Received: messageType:GetStepValueRequest messageId:4 stepValueRequest:<stepText:"<by> butonuna t\304\261klan\304\261r" > 
19:56:40.423 Sending API response: messageType:GetStepValueResponse messageId:4 stepValueResponse:<stepValue:<stepValue:"{} butonuna t\304\261klan\304\261r" parameterizedStepValue:"<by> butonuna t\304\261klan\304\261r" parameters:"by" > > 
19:56:40.423 Api Request Received: messageType:GetStepValueRequest messageId:4 stepValueRequest:<stepText:"<by> alan\304\261 silinir" > 
19:56:40.424 Sending API response: messageType:GetStepValueResponse messageId:4 stepValueResponse:<stepValue:<stepValue:"{} alan\304\261 silinir" parameterizedStepValue:"<by> alan\304\261 silinir" parameters:"by" > > 
19:56:40.424 Api Request Received: messageType:GetStepValueRequest messageId:4 stepValueRequest:<stepText:"<Saniye> Saniyesi kadar bekle" > 
19:56:40.424 Sending API response: messageType:GetStepValueResponse messageId:4 stepValueResponse:<stepValue:<stepValue:"{} Saniyesi kadar bekle" parameterizedStepValue:"<Saniye> Saniyesi kadar bekle" parameters:"Saniye" > > 
19:56:40.425 Api Request Received: messageType:GetStepValueRequest messageId:4 stepValueRequest:<stepText:"Klavyeden ENTER tu\305\237una bas\304\261l\304\261r" > 
19:56:40.425 Sending API response: messageType:GetStepValueResponse messageId:4 stepValueResponse:<stepValue:<stepValue:"Klavyeden ENTER tu\305\237una bas\304\261l\304\261r" parameterizedStepValue:"Klavyeden ENTER tu\305\237una bas\304\261l\304\261r" > > 
19:56:40.425 Api Request Received: messageType:GetStepValueRequest messageId:4 stepValueRequest:<stepText:"Klavyeden TAB tu\305\237una bas\304\261l\304\261r" > 
19:56:40.425 Sending API response: messageType:GetStepValueResponse messageId:4 stepValueResponse:<stepValue:<stepValue:"Klavyeden TAB tu\305\237una bas\304\261l\304\261r" parameterizedStepValue:"Klavyeden TAB tu\305\237una bas\304\261l\304\261r" > > 
19:56:40.426 Api Request Received: messageType:GetStepValueRequest messageId:4 stepValueRequest:<stepText:"<by> elementinin g\303\266r\303\274lmesi beklenir" > 
19:56:40.426 Sending API response: messageType:GetStepValueResponse messageId:4 stepValueResponse:<stepValue:<stepValue:"{} elementinin g\303\266r\303\274lmesi beklenir" parameterizedStepValue:"<by> elementinin g\303\266r\303\274lmesi beklenir" parameters:"by" > > 
19:56:40.426 Api Request Received: messageType:GetStepValueRequest messageId:4 stepValueRequest:<stepText:"<byList> listesinden rastgele bir elemana t\304\261klan\304\261r" > 
19:56:40.426 Sending API response: messageType:GetStepValueResponse messageId:4 stepValueResponse:<stepValue:<stepValue:"{} listesinden rastgele bir elemana t\304\261klan\304\261r" parameterizedStepValue:"<byList> listesinden rastgele bir elemana t\304\261klan\304\261r" parameters:"byList" > > 
19:57:17.904 Plugin [Html Report] with pid [5536] has exited
19:57:18.537 Specifications:	1 executed	0 passed	1 failed	0 skipped
19:57:18.537 Scenarios:	1 executed	0 passed	1 failed	0 skipped
19:57:18.537 
Total time taken: 32.071s
20:08:55.948 Unable to send analytics data, timed out
20:08:56.060 Plugin html-report is already installed.
20:08:56.063 Plugin java is already installed.
20:08:57.639 Checking updates...
20:09:06.427 Api Request Received: messageType:GetStepValueRequest messageId:4 stepValueRequest:<stepText:"<by> popup\304\261 ekranda g\303\266r\303\274l\303\274rse kapat\304\261l\304\261r" > 
20:09:06.429 Sending API response: messageType:GetStepValueResponse messageId:4 stepValueResponse:<stepValue:<stepValue:"{} popup\304\261 ekranda g\303\266r\303\274l\303\274rse kapat\304\261l\304\261r" parameterizedStepValue:"<by> popup\304\261 ekranda g\303\266r\303\274l\303\274rse kapat\304\261l\304\261r" parameters:"by" > > 
20:09:06.634 Api Request Received: messageType:GetStepValueRequest messageId:4 stepValueRequest:<stepText:"Herhangi bir pop up varsa kapat\304\261l\304\261r" > 
20:09:06.635 Sending API response: messageType:GetStepValueResponse messageId:4 stepValueResponse:<stepValue:<stepValue:"Herhangi bir pop up varsa kapat\304\261l\304\261r" parameterizedStepValue:"Herhangi bir pop up varsa kapat\304\261l\304\261r" > > 
20:09:06.635 Api Request Received: messageType:GetStepValueRequest messageId:4 stepValueRequest:<stepText:"<by> alan\304\261na <text> yaz\304\261l\304\261r" > 
20:09:06.635 Sending API response: messageType:GetStepValueResponse messageId:4 stepValueResponse:<stepValue:<stepValue:"{} alan\304\261na {} yaz\304\261l\304\261r" parameterizedStepValue:"<by> alan\304\261na <text> yaz\304\261l\304\261r" parameters:"by" parameters:"text" > > 
20:09:06.636 Api Request Received: messageType:GetStepValueRequest messageId:4 stepValueRequest:<stepText:"<by> butonuna t\304\261klan\304\261r" > 
20:09:06.636 Sending API response: messageType:GetStepValueResponse messageId:4 stepValueResponse:<stepValue:<stepValue:"{} butonuna t\304\261klan\304\261r" parameterizedStepValue:"<by> butonuna t\304\261klan\304\261r" parameters:"by" > > 
20:09:06.637 Api Request Received: messageType:GetStepValueRequest messageId:4 stepValueRequest:<stepText:"<by> alan\304\261 silinir" > 
20:09:06.637 Sending API response: messageType:GetStepValueResponse messageId:4 stepValueResponse:<stepValue:<stepValue:"{} alan\304\261 silinir" parameterizedStepValue:"<by> alan\304\261 silinir" parameters:"by" > > 
20:09:06.638 Api Request Received: messageType:GetStepValueRequest messageId:4 stepValueRequest:<stepText:"<Saniye> Saniyesi kadar bekle" > 
20:09:06.638 Sending API response: messageType:GetStepValueResponse messageId:4 stepValueResponse:<stepValue:<stepValue:"{} Saniyesi kadar bekle" parameterizedStepValue:"<Saniye> Saniyesi kadar bekle" parameters:"Saniye" > > 
20:09:06.639 Api Request Received: messageType:GetStepValueRequest messageId:4 stepValueRequest:<stepText:"Klavyeden ENTER tu\305\237una bas\304\261l\304\261r" > 
20:09:06.639 Sending API response: messageType:GetStepValueResponse messageId:4 stepValueResponse:<stepValue:<stepValue:"Klavyeden ENTER tu\305\237una bas\304\261l\304\261r" parameterizedStepValue:"Klavyeden ENTER tu\305\237una bas\304\261l\304\261r" > > 
20:09:06.639 Api Request Received: messageType:GetStepValueRequest messageId:4 stepValueRequest:<stepText:"Klavyeden TAB tu\305\237una bas\304\261l\304\261r" > 
20:09:06.639 Sending API response: messageType:GetStepValueResponse messageId:4 stepValueResponse:<stepValue:<stepValue:"Klavyeden TAB tu\305\237una bas\304\261l\304\261r" parameterizedStepValue:"Klavyeden TAB tu\305\237una bas\304\261l\304\261r" > > 
20:09:06.640 Api Request Received: messageType:GetStepValueRequest messageId:4 stepValueRequest:<stepText:"<by> elementinin g\303\266r\303\274lmesi beklenir" > 
20:09:06.640 Sending API response: messageType:GetStepValueResponse messageId:4 stepValueResponse:<stepValue:<stepValue:"{} elementinin g\303\266r\303\274lmesi beklenir" parameterizedStepValue:"<by> elementinin g\303\266r\303\274lmesi beklenir" parameters:"by" > > 
20:09:06.640 Api Request Received: messageType:GetStepValueRequest messageId:4 stepValueRequest:<stepText:"<byList> listesinden rastgele bir elemana t\304\261klan\304\261r" > 
20:09:06.640 Sending API response: messageType:GetStepValueResponse messageId:4 stepValueResponse:<stepValue:<stepValue:"{} listesinden rastgele bir elemana t\304\261klan\304\261r" parameterizedStepValue:"<byList> listesinden rastgele bir elemana t\304\261klan\304\261r" parameters:"byList" > > 
20:09:42.244 Plugin [Html Report] with pid [5623] has exited
20:09:42.774 Specifications:	1 executed	0 passed	1 failed	0 skipped
20:09:42.775 Scenarios:	1 executed	0 passed	1 failed	0 skipped
20:09:42.775 
Total time taken: 30.647s
22:37:47.621 Plugin html-report is already installed.
22:37:47.622 Plugin java is already installed.
22:37:48.615 Checking updates...
22:37:59.308 Api Request Received: messageType:GetStepValueRequest messageId:4 stepValueRequest:<stepText:"<by> popup\304\261 ekranda g\303\266r\303\274l\303\274rse kapat\304\261l\304\261r" > 
22:37:59.309 Sending API response: messageType:GetStepValueResponse messageId:4 stepValueResponse:<stepValue:<stepValue:"{} popup\304\261 ekranda g\303\266r\303\274l\303\274rse kapat\304\261l\304\261r" parameterizedStepValue:"<by> popup\304\261 ekranda g\303\266r\303\274l\303\274rse kapat\304\261l\304\261r" parameters:"by" > > 
22:37:59.447 Api Request Received: messageType:GetStepValueRequest messageId:4 stepValueRequest:<stepText:"Herhangi bir pop up varsa kapat\304\261l\304\261r" > 
22:37:59.448 Sending API response: messageType:GetStepValueResponse messageId:4 stepValueResponse:<stepValue:<stepValue:"Herhangi bir pop up varsa kapat\304\261l\304\261r" parameterizedStepValue:"Herhangi bir pop up varsa kapat\304\261l\304\261r" > > 
22:37:59.450 Api Request Received: messageType:GetStepValueRequest messageId:4 stepValueRequest:<stepText:"<by> alan\304\261na <text> yaz\304\261l\304\261r" > 
22:37:59.451 Sending API response: messageType:GetStepValueResponse messageId:4 stepValueResponse:<stepValue:<stepValue:"{} alan\304\261na {} yaz\304\261l\304\261r" parameterizedStepValue:"<by> alan\304\261na <text> yaz\304\261l\304\261r" parameters:"by" parameters:"text" > > 
22:37:59.454 Api Request Received: messageType:GetStepValueRequest messageId:4 stepValueRequest:<stepText:"<by> butonuna t\304\261klan\304\261r" > 
22:37:59.455 Sending API response: messageType:GetStepValueResponse messageId:4 stepValueResponse:<stepValue:<stepValue:"{} butonuna t\304\261klan\304\261r" parameterizedStepValue:"<by> butonuna t\304\261klan\304\261r" parameters:"by" > > 
22:37:59.456 Api Request Received: messageType:GetStepValueRequest messageId:4 stepValueRequest:<stepText:"<by> alan\304\261 silinir" > 
22:37:59.456 Sending API response: messageType:GetStepValueResponse messageId:4 stepValueResponse:<stepValue:<stepValue:"{} alan\304\261 silinir" parameterizedStepValue:"<by> alan\304\261 silinir" parameters:"by" > > 
22:37:59.457 Api Request Received: messageType:GetStepValueRequest messageId:4 stepValueRequest:<stepText:"<Saniye> Saniyesi kadar bekle" > 
22:37:59.457 Sending API response: messageType:GetStepValueResponse messageId:4 stepValueResponse:<stepValue:<stepValue:"{} Saniyesi kadar bekle" parameterizedStepValue:"<Saniye> Saniyesi kadar bekle" parameters:"Saniye" > > 
22:37:59.458 Api Request Received: messageType:GetStepValueRequest messageId:4 stepValueRequest:<stepText:"Klavyeden ENTER tu\305\237una bas\304\261l\304\261r" > 
22:37:59.458 Sending API response: messageType:GetStepValueResponse messageId:4 stepValueResponse:<stepValue:<stepValue:"Klavyeden ENTER tu\305\237una bas\304\261l\304\261r" parameterizedStepValue:"Klavyeden ENTER tu\305\237una bas\304\261l\304\261r" > > 
22:37:59.458 Api Request Received: messageType:GetStepValueRequest messageId:4 stepValueRequest:<stepText:"Klavyeden TAB tu\305\237una bas\304\261l\304\261r" > 
22:37:59.458 Sending API response: messageType:GetStepValueResponse messageId:4 stepValueResponse:<stepValue:<stepValue:"Klavyeden TAB tu\305\237una bas\304\261l\304\261r" parameterizedStepValue:"Klavyeden TAB tu\305\237una bas\304\261l\304\261r" > > 
22:37:59.458 Api Request Received: messageType:GetStepValueRequest messageId:4 stepValueRequest:<stepText:"<by> elementinin g\303\266r\303\274lmesi beklenir" > 
22:37:59.459 Sending API response: messageType:GetStepValueResponse messageId:4 stepValueResponse:<stepValue:<stepValue:"{} elementinin g\303\266r\303\274lmesi beklenir" parameterizedStepValue:"<by> elementinin g\303\266r\303\274lmesi beklenir" parameters:"by" > > 
22:37:59.459 Api Request Received: messageType:GetStepValueRequest messageId:4 stepValueRequest:<stepText:"<byList> listesinden rastgele bir elemana t\304\261klan\304\261r" > 
22:37:59.459 Sending API response: messageType:GetStepValueResponse messageId:4 stepValueResponse:<stepValue:<stepValue:"{} listesinden rastgele bir elemana t\304\261klan\304\261r" parameterizedStepValue:"<byList> listesinden rastgele bir elemana t\304\261klan\304\261r" parameters:"byList" > > 
22:38:38.989 Plugin [Html Report] with pid [6476] has exited
22:38:39.612 Specifications:	1 executed	0 passed	1 failed	0 skipped
22:38:39.612 Scenarios:	1 executed	0 passed	1 failed	0 skipped
22:38:39.612 
Total time taken: 34.75s
09:43:53.690 Plugin html-report is already installed.
09:43:53.691 Plugin java is already installed.
09:43:54.578 Checking updates...
09:43:54.776 Runner connection error: Runner with pid 3232 quit unexpectedly(exit status 1).
09:43:54.776 Error while killing runner: os: process already finished
09:43:54.776 Failed to start gauge API: Runner with pid 3232 quit unexpectedly(exit status 1).
09:44:30.179 Plugin java is already installed.
09:44:30.180 Plugin html-report is already installed.
09:44:30.972 Checking updates...
09:44:31.131 Runner connection error: Runner with pid 3239 quit unexpectedly(exit status 1).
09:44:31.131 Error while killing runner: os: process already finished
09:44:31.132 Failed to start gauge API: Runner with pid 3239 quit unexpectedly(exit status 1).
09:46:07.065 Plugin java is already installed.
09:46:07.068 Plugin html-report is already installed.
09:46:08.006 Checking updates...
09:46:17.367 Api Request Received: messageType:GetStepValueRequest messageId:4 stepValueRequest:<stepText:"<by> popup\304\261 ekranda g\303\266r\303\274l\303\274rse kapat\304\261l\304\261r" > 
09:46:17.368 Sending API response: messageType:GetStepValueResponse messageId:4 stepValueResponse:<stepValue:<stepValue:"{} popup\304\261 ekranda g\303\266r\303\274l\303\274rse kapat\304\261l\304\261r" parameterizedStepValue:"<by> popup\304\261 ekranda g\303\266r\303\274l\303\274rse kapat\304\261l\304\261r" parameters:"by" > > 
09:46:17.514 Api Request Received: messageType:GetStepValueRequest messageId:4 stepValueRequest:<stepText:"Herhangi bir pop up varsa kapat\304\261l\304\261r" > 
09:46:17.514 Sending API response: messageType:GetStepValueResponse messageId:4 stepValueResponse:<stepValue:<stepValue:"Herhangi bir pop up varsa kapat\304\261l\304\261r" parameterizedStepValue:"Herhangi bir pop up varsa kapat\304\261l\304\261r" > > 
09:46:17.515 Api Request Received: messageType:GetStepValueRequest messageId:4 stepValueRequest:<stepText:"<by> alan\304\261na <text> yaz\304\261l\304\261r" > 
09:46:17.515 Sending API response: messageType:GetStepValueResponse messageId:4 stepValueResponse:<stepValue:<stepValue:"{} alan\304\261na {} yaz\304\261l\304\261r" parameterizedStepValue:"<by> alan\304\261na <text> yaz\304\261l\304\261r" parameters:"by" parameters:"text" > > 
09:46:17.516 Api Request Received: messageType:GetStepValueRequest messageId:4 stepValueRequest:<stepText:"<by> butonuna t\304\261klan\304\261r" > 
09:46:17.516 Sending API response: messageType:GetStepValueResponse messageId:4 stepValueResponse:<stepValue:<stepValue:"{} butonuna t\304\261klan\304\261r" parameterizedStepValue:"<by> butonuna t\304\261klan\304\261r" parameters:"by" > > 
09:46:17.516 Api Request Received: messageType:GetStepValueRequest messageId:4 stepValueRequest:<stepText:"<by> alan\304\261 silinir" > 
09:46:17.516 Sending API response: messageType:GetStepValueResponse messageId:4 stepValueResponse:<stepValue:<stepValue:"{} alan\304\261 silinir" parameterizedStepValue:"<by> alan\304\261 silinir" parameters:"by" > > 
09:46:17.517 Api Request Received: messageType:GetStepValueRequest messageId:4 stepValueRequest:<stepText:"<Saniye> Saniyesi kadar bekle" > 
09:46:17.517 Sending API response: messageType:GetStepValueResponse messageId:4 stepValueResponse:<stepValue:<stepValue:"{} Saniyesi kadar bekle" parameterizedStepValue:"<Saniye> Saniyesi kadar bekle" parameters:"Saniye" > > 
09:46:17.518 Api Request Received: messageType:GetStepValueRequest messageId:4 stepValueRequest:<stepText:"Klavyeden ENTER tu\305\237una bas\304\261l\304\261r" > 
09:46:17.518 Sending API response: messageType:GetStepValueResponse messageId:4 stepValueResponse:<stepValue:<stepValue:"Klavyeden ENTER tu\305\237una bas\304\261l\304\261r" parameterizedStepValue:"Klavyeden ENTER tu\305\237una bas\304\261l\304\261r" > > 
09:46:17.518 Api Request Received: messageType:GetStepValueRequest messageId:4 stepValueRequest:<stepText:"Klavyeden TAB tu\305\237una bas\304\261l\304\261r" > 
09:46:17.518 Sending API response: messageType:GetStepValueResponse messageId:4 stepValueResponse:<stepValue:<stepValue:"Klavyeden TAB tu\305\237una bas\304\261l\304\261r" parameterizedStepValue:"Klavyeden TAB tu\305\237una bas\304\261l\304\261r" > > 
09:46:17.519 Api Request Received: messageType:GetStepValueRequest messageId:4 stepValueRequest:<stepText:"<by> elementinin g\303\266r\303\274lmesi beklenir" > 
09:46:17.519 Sending API response: messageType:GetStepValueResponse messageId:4 stepValueResponse:<stepValue:<stepValue:"{} elementinin g\303\266r\303\274lmesi beklenir" parameterizedStepValue:"<by> elementinin g\303\266r\303\274lmesi beklenir" parameters:"by" > > 
09:46:17.519 Api Request Received: messageType:GetStepValueRequest messageId:4 stepValueRequest:<stepText:"<byList> listesinden rastgele bir elemana t\304\261klan\304\261r" > 
09:46:17.519 Sending API response: messageType:GetStepValueResponse messageId:4 stepValueResponse:<stepValue:<stepValue:"{} listesinden rastgele bir elemana t\304\261klan\304\261r" parameterizedStepValue:"<byList> listesinden rastgele bir elemana t\304\261klan\304\261r" parameters:"byList" > > 
09:46:52.911 Plugin [Html Report] with pid [3269] has exited
09:46:53.433 Specifications:	1 executed	0 passed	1 failed	0 skipped
09:46:53.433 Scenarios:	1 executed	0 passed	1 failed	0 skipped
09:46:53.433 
Total time taken: 29.971s
